0 info it worked if it ends with ok
1 verbose cli [ 'C:\\Program Files\\nodejs\\node.exe',
1 verbose cli   'C:\\Program Files\\nodejs\\node_modules\\npm\\bin\\npm-cli.js',
1 verbose cli   'update' ]
2 info using npm@3.10.3
3 info using node@v6.3.0
4 silly mapToRegistry name axios
5 silly mapToRegistry using default registry
6 silly mapToRegistry registry https://registry.npmjs.org/
7 silly mapToRegistry data Result {
7 silly mapToRegistry   raw: 'axios',
7 silly mapToRegistry   scope: null,
7 silly mapToRegistry   escapedName: 'axios',
7 silly mapToRegistry   name: 'axios',
7 silly mapToRegistry   rawSpec: '',
7 silly mapToRegistry   spec: 'latest',
7 silly mapToRegistry   type: 'tag' }
8 silly mapToRegistry uri https://registry.npmjs.org/axios
9 silly mapToRegistry name bootstrap-sass
10 silly mapToRegistry using default registry
11 silly mapToRegistry registry https://registry.npmjs.org/
12 silly mapToRegistry data Result {
12 silly mapToRegistry   raw: 'bootstrap-sass',
12 silly mapToRegistry   scope: null,
12 silly mapToRegistry   escapedName: 'bootstrap-sass',
12 silly mapToRegistry   name: 'bootstrap-sass',
12 silly mapToRegistry   rawSpec: '',
12 silly mapToRegistry   spec: 'latest',
12 silly mapToRegistry   type: 'tag' }
13 silly mapToRegistry uri https://registry.npmjs.org/bootstrap-sass
14 silly mapToRegistry name jquery
15 silly mapToRegistry using default registry
16 silly mapToRegistry registry https://registry.npmjs.org/
17 silly mapToRegistry data Result {
17 silly mapToRegistry   raw: 'jquery',
17 silly mapToRegistry   scope: null,
17 silly mapToRegistry   escapedName: 'jquery',
17 silly mapToRegistry   name: 'jquery',
17 silly mapToRegistry   rawSpec: '',
17 silly mapToRegistry   spec: 'latest',
17 silly mapToRegistry   type: 'tag' }
18 silly mapToRegistry uri https://registry.npmjs.org/jquery
19 silly mapToRegistry name laravel-mix
20 silly mapToRegistry using default registry
21 silly mapToRegistry registry https://registry.npmjs.org/
22 silly mapToRegistry data Result {
22 silly mapToRegistry   raw: 'laravel-mix',
22 silly mapToRegistry   scope: null,
22 silly mapToRegistry   escapedName: 'laravel-mix',
22 silly mapToRegistry   name: 'laravel-mix',
22 silly mapToRegistry   rawSpec: '',
22 silly mapToRegistry   spec: 'latest',
22 silly mapToRegistry   type: 'tag' }
23 silly mapToRegistry uri https://registry.npmjs.org/laravel-mix
24 silly mapToRegistry name lodash
25 silly mapToRegistry using default registry
26 silly mapToRegistry registry https://registry.npmjs.org/
27 silly mapToRegistry data Result {
27 silly mapToRegistry   raw: 'lodash',
27 silly mapToRegistry   scope: null,
27 silly mapToRegistry   escapedName: 'lodash',
27 silly mapToRegistry   name: 'lodash',
27 silly mapToRegistry   rawSpec: '',
27 silly mapToRegistry   spec: 'latest',
27 silly mapToRegistry   type: 'tag' }
28 silly mapToRegistry uri https://registry.npmjs.org/lodash
29 silly mapToRegistry name vue
30 silly mapToRegistry using default registry
31 silly mapToRegistry registry https://registry.npmjs.org/
32 silly mapToRegistry data Result {
32 silly mapToRegistry   raw: 'vue',
32 silly mapToRegistry   scope: null,
32 silly mapToRegistry   escapedName: 'vue',
32 silly mapToRegistry   name: 'vue',
32 silly mapToRegistry   rawSpec: '',
32 silly mapToRegistry   spec: 'latest',
32 silly mapToRegistry   type: 'tag' }
33 silly mapToRegistry uri https://registry.npmjs.org/vue
34 verbose request uri https://registry.npmjs.org/bootstrap-sass
35 verbose request no auth needed
36 info attempt registry request try #1 at 10:11:45 AM
37 verbose request id 3f86e524ae061bcf
38 verbose etag W/"589ab386-70a7"
39 verbose lastModified Wed, 08 Feb 2017 05:58:30 GMT
40 http request GET https://registry.npmjs.org/bootstrap-sass
41 verbose request uri https://registry.npmjs.org/axios
42 verbose request no auth needed
43 info attempt registry request try #1 at 10:11:46 AM
44 verbose etag W/"58afa3dd-143d8"
45 verbose lastModified Fri, 24 Feb 2017 03:09:17 GMT
46 http request GET https://registry.npmjs.org/axios
47 verbose request uri https://registry.npmjs.org/laravel-mix
48 verbose request no auth needed
49 info attempt registry request try #1 at 10:11:46 AM
50 verbose etag W/"58b3319c-19fdf"
51 verbose lastModified Sun, 26 Feb 2017 19:50:52 GMT
52 http request GET https://registry.npmjs.org/laravel-mix
53 verbose request uri https://registry.npmjs.org/jquery
54 verbose request no auth needed
55 info attempt registry request try #1 at 10:11:47 AM
56 verbose etag W/"58b08b40-148f2"
57 verbose lastModified Fri, 24 Feb 2017 19:36:32 GMT
58 http request GET https://registry.npmjs.org/jquery
59 verbose request uri https://registry.npmjs.org/vue
60 verbose request no auth needed
61 info attempt registry request try #1 at 10:11:47 AM
62 verbose etag W/"58b2d3e2-74506"
63 verbose lastModified Sun, 26 Feb 2017 13:10:58 GMT
64 http request GET https://registry.npmjs.org/vue
65 verbose request uri https://registry.npmjs.org/lodash
66 verbose request no auth needed
67 info attempt registry request try #1 at 10:11:47 AM
68 verbose etag W/"58b2aaa3-28fc9"
69 verbose lastModified Sun, 26 Feb 2017 10:14:59 GMT
70 http request GET https://registry.npmjs.org/lodash
71 info retry will retry, error on last attempt: Error: tunneling socket could not be established, cause=getaddrinfo ENOTFOUND 3128 3128:80
72 info retry will retry, error on last attempt: Error: tunneling socket could not be established, cause=getaddrinfo ENOTFOUND 3128 3128:80
73 info retry will retry, error on last attempt: Error: tunneling socket could not be established, cause=getaddrinfo ENOTFOUND 3128 3128:80
74 info retry will retry, error on last attempt: Error: tunneling socket could not be established, cause=getaddrinfo ENOTFOUND 3128 3128:80
75 info retry will retry, error on last attempt: Error: tunneling socket could not be established, cause=getaddrinfo ENOTFOUND 3128 3128:80
76 info retry will retry, error on last attempt: Error: tunneling socket could not be established, cause=getaddrinfo ENOTFOUND 3128 3128:80
77 info attempt registry request try #2 at 10:11:59 AM
78 verbose etag W/"58afa3dd-143d8"
79 verbose lastModified Fri, 24 Feb 2017 03:09:17 GMT
80 http request GET https://registry.npmjs.org/axios
81 info attempt registry request try #2 at 10:11:59 AM
82 verbose etag W/"58b3319c-19fdf"
83 verbose lastModified Sun, 26 Feb 2017 19:50:52 GMT
84 http request GET https://registry.npmjs.org/laravel-mix
85 info attempt registry request try #2 at 10:11:59 AM
86 verbose etag W/"589ab386-70a7"
87 verbose lastModified Wed, 08 Feb 2017 05:58:30 GMT
88 http request GET https://registry.npmjs.org/bootstrap-sass
89 info attempt registry request try #2 at 10:11:59 AM
90 verbose etag W/"58b08b40-148f2"
91 verbose lastModified Fri, 24 Feb 2017 19:36:32 GMT
92 http request GET https://registry.npmjs.org/jquery
93 info attempt registry request try #2 at 10:12:02 AM
94 verbose etag W/"58b2aaa3-28fc9"
95 verbose lastModified Sun, 26 Feb 2017 10:14:59 GMT
96 http request GET https://registry.npmjs.org/lodash
97 info attempt registry request try #2 at 10:12:02 AM
98 verbose etag W/"58b2d3e2-74506"
99 verbose lastModified Sun, 26 Feb 2017 13:10:58 GMT
100 http request GET https://registry.npmjs.org/vue
101 info retry will retry, error on last attempt: Error: tunneling socket could not be established, cause=getaddrinfo ENOTFOUND 3128 3128:80
102 info retry will retry, error on last attempt: Error: tunneling socket could not be established, cause=getaddrinfo ENOTFOUND 3128 3128:80
103 info retry will retry, error on last attempt: Error: tunneling socket could not be established, cause=getaddrinfo ENOTFOUND 3128 3128:80
104 info retry will retry, error on last attempt: Error: tunneling socket could not be established, cause=getaddrinfo ENOTFOUND 3128 3128:80
105 info retry will retry, error on last attempt: Error: tunneling socket could not be established, cause=getaddrinfo ENOTFOUND 3128 3128:80
106 info retry will retry, error on last attempt: Error: tunneling socket could not be established, cause=getaddrinfo ENOTFOUND 3128 3128:80
107 info attempt registry request try #3 at 10:13:02 AM
108 verbose etag W/"58afa3dd-143d8"
109 verbose lastModified Fri, 24 Feb 2017 03:09:17 GMT
110 http request GET https://registry.npmjs.org/axios
111 info attempt registry request try #3 at 10:13:02 AM
112 verbose etag W/"58b3319c-19fdf"
113 verbose lastModified Sun, 26 Feb 2017 19:50:52 GMT
114 http request GET https://registry.npmjs.org/laravel-mix
115 info attempt registry request try #3 at 10:13:02 AM
116 verbose etag W/"589ab386-70a7"
117 verbose lastModified Wed, 08 Feb 2017 05:58:30 GMT
118 http request GET https://registry.npmjs.org/bootstrap-sass
119 info attempt registry request try #3 at 10:13:02 AM
120 verbose etag W/"58b08b40-148f2"
121 verbose lastModified Fri, 24 Feb 2017 19:36:32 GMT
122 http request GET https://registry.npmjs.org/jquery
123 info attempt registry request try #3 at 10:13:04 AM
124 verbose etag W/"58b2aaa3-28fc9"
125 verbose lastModified Sun, 26 Feb 2017 10:14:59 GMT
126 http request GET https://registry.npmjs.org/lodash
127 silly get cb [ 304, undefined ]
128 verbose etag https://registry.npmjs.org/axios from cache
129 verbose get saving axios to C:\Users\Abdullah\AppData\Roaming\npm-cache\registry.npmjs.org\axios\.cache.json
130 verbose correctMkdir C:\Users\Abdullah\AppData\Roaming\npm-cache correctMkdir not in flight; initializing
131 info attempt registry request try #3 at 10:13:05 AM
132 verbose etag W/"58b2d3e2-74506"
133 verbose lastModified Sun, 26 Feb 2017 13:10:58 GMT
134 http request GET https://registry.npmjs.org/vue
135 silly get cb [ 304, undefined ]
136 verbose etag https://registry.npmjs.org/bootstrap-sass from cache
137 verbose get saving bootstrap-sass to C:\Users\Abdullah\AppData\Roaming\npm-cache\registry.npmjs.org\bootstrap-sass\.cache.json
138 verbose correctMkdir C:\Users\Abdullah\AppData\Roaming\npm-cache correctMkdir already in flight; waiting
139 silly get cb [ 304, undefined ]
140 verbose etag https://registry.npmjs.org/laravel-mix from cache
141 verbose get saving laravel-mix to C:\Users\Abdullah\AppData\Roaming\npm-cache\registry.npmjs.org\laravel-mix\.cache.json
142 verbose correctMkdir C:\Users\Abdullah\AppData\Roaming\npm-cache correctMkdir already in flight; waiting
143 silly get cb [ 304, undefined ]
144 verbose etag https://registry.npmjs.org/jquery from cache
145 verbose get saving jquery to C:\Users\Abdullah\AppData\Roaming\npm-cache\registry.npmjs.org\jquery\.cache.json
146 verbose correctMkdir C:\Users\Abdullah\AppData\Roaming\npm-cache correctMkdir not in flight; initializing
147 silly get cb [ 304, undefined ]
148 verbose etag https://registry.npmjs.org/lodash from cache
149 verbose get saving lodash to C:\Users\Abdullah\AppData\Roaming\npm-cache\registry.npmjs.org\lodash\.cache.json
150 verbose correctMkdir C:\Users\Abdullah\AppData\Roaming\npm-cache correctMkdir not in flight; initializing
151 silly get cb [ 304, undefined ]
152 verbose etag https://registry.npmjs.org/vue from cache
153 verbose get saving vue to C:\Users\Abdullah\AppData\Roaming\npm-cache\registry.npmjs.org\vue\.cache.json
154 verbose correctMkdir C:\Users\Abdullah\AppData\Roaming\npm-cache correctMkdir not in flight; initializing
155 info outdated updating [ { dep:
155 info outdated      { package: [Object],
155 info outdated        path: 'E:\\xampp\\htdocs\\rate_calculator',
155 info outdated        parent: [Object],
155 info outdated        isMissing: true },
155 info outdated     depname: 'axios',
155 info outdated     current: undefined,
155 info outdated     wanted: '0.15.3',
155 info outdated     latest: '0.15.3',
155 info outdated     req: '^0.15.3',
155 info outdated     what: 'axios@0.15.3' },
155 info outdated   { dep:
155 info outdated      { package: [Object],
155 info outdated        path: 'E:\\xampp\\htdocs\\rate_calculator',
155 info outdated        parent: [Object],
155 info outdated        isMissing: true },
155 info outdated     depname: 'bootstrap-sass',
155 info outdated     current: undefined,
155 info outdated     wanted: '3.3.7',
155 info outdated     latest: '3.3.7',
155 info outdated     req: '^3.3.7',
155 info outdated     what: 'bootstrap-sass@3.3.7' },
155 info outdated   { dep:
155 info outdated      { package: [Object],
155 info outdated        path: 'E:\\xampp\\htdocs\\rate_calculator',
155 info outdated        parent: [Object],
155 info outdated        isMissing: true },
155 info outdated     depname: 'jquery',
155 info outdated     current: undefined,
155 info outdated     wanted: '3.1.1',
155 info outdated     latest: '3.1.1',
155 info outdated     req: '^3.1.1',
155 info outdated     what: 'jquery@3.1.1' },
155 info outdated   { dep:
155 info outdated      { package: [Object],
155 info outdated        path: 'E:\\xampp\\htdocs\\rate_calculator',
155 info outdated        parent: [Object],
155 info outdated        isMissing: true },
155 info outdated     depname: 'laravel-mix',
155 info outdated     current: undefined,
155 info outdated     wanted: '0.8.8',
155 info outdated     latest: '0.8.8',
155 info outdated     req: '^0.8.1',
155 info outdated     what: 'laravel-mix@0.8.8' },
155 info outdated   { dep:
155 info outdated      { package: [Object],
155 info outdated        path: 'E:\\xampp\\htdocs\\rate_calculator',
155 info outdated        parent: [Object],
155 info outdated        isMissing: true },
155 info outdated     depname: 'lodash',
155 info outdated     current: undefined,
155 info outdated     wanted: '4.17.4',
155 info outdated     latest: '4.17.4',
155 info outdated     req: '^4.17.4',
155 info outdated     what: 'lodash@4.17.4' },
155 info outdated   { dep:
155 info outdated      { package: [Object],
155 info outdated        path: 'E:\\xampp\\htdocs\\rate_calculator',
155 info outdated        parent: [Object],
155 info outdated        isMissing: true },
155 info outdated     depname: 'vue',
155 info outdated     current: undefined,
155 info outdated     wanted: '2.2.1',
155 info outdated     latest: '2.2.1',
155 info outdated     req: '^2.1.10',
155 info outdated     what: 'vue@2.2.1' } ]
156 silly loadCurrentTree Starting
157 silly install loadCurrentTree
158 silly install readLocalPackageData
159 silly fetchPackageMetaData axios@0.15.3
160 silly fetchPackageMetaData bootstrap-sass@3.3.7
161 silly fetchPackageMetaData jquery@3.1.1
162 silly fetchPackageMetaData laravel-mix@0.8.8
163 silly fetchPackageMetaData lodash@4.17.4
164 silly fetchPackageMetaData vue@2.2.1
165 silly fetchNamedPackageData axios
166 silly mapToRegistry name axios
167 silly mapToRegistry using default registry
168 silly mapToRegistry registry https://registry.npmjs.org/
169 silly mapToRegistry data Result {
169 silly mapToRegistry   raw: 'axios',
169 silly mapToRegistry   scope: null,
169 silly mapToRegistry   escapedName: 'axios',
169 silly mapToRegistry   name: 'axios',
169 silly mapToRegistry   rawSpec: '',
169 silly mapToRegistry   spec: 'latest',
169 silly mapToRegistry   type: 'tag' }
170 silly mapToRegistry uri https://registry.npmjs.org/axios
171 silly fetchNamedPackageData bootstrap-sass
172 silly mapToRegistry name bootstrap-sass
173 silly mapToRegistry using default registry
174 silly mapToRegistry registry https://registry.npmjs.org/
175 silly mapToRegistry data Result {
175 silly mapToRegistry   raw: 'bootstrap-sass',
175 silly mapToRegistry   scope: null,
175 silly mapToRegistry   escapedName: 'bootstrap-sass',
175 silly mapToRegistry   name: 'bootstrap-sass',
175 silly mapToRegistry   rawSpec: '',
175 silly mapToRegistry   spec: 'latest',
175 silly mapToRegistry   type: 'tag' }
176 silly mapToRegistry uri https://registry.npmjs.org/bootstrap-sass
177 silly fetchNamedPackageData jquery
178 silly mapToRegistry name jquery
179 silly mapToRegistry using default registry
180 silly mapToRegistry registry https://registry.npmjs.org/
181 silly mapToRegistry data Result {
181 silly mapToRegistry   raw: 'jquery',
181 silly mapToRegistry   scope: null,
181 silly mapToRegistry   escapedName: 'jquery',
181 silly mapToRegistry   name: 'jquery',
181 silly mapToRegistry   rawSpec: '',
181 silly mapToRegistry   spec: 'latest',
181 silly mapToRegistry   type: 'tag' }
182 silly mapToRegistry uri https://registry.npmjs.org/jquery
183 silly fetchNamedPackageData laravel-mix
184 silly mapToRegistry name laravel-mix
185 silly mapToRegistry using default registry
186 silly mapToRegistry registry https://registry.npmjs.org/
187 silly mapToRegistry data Result {
187 silly mapToRegistry   raw: 'laravel-mix',
187 silly mapToRegistry   scope: null,
187 silly mapToRegistry   escapedName: 'laravel-mix',
187 silly mapToRegistry   name: 'laravel-mix',
187 silly mapToRegistry   rawSpec: '',
187 silly mapToRegistry   spec: 'latest',
187 silly mapToRegistry   type: 'tag' }
188 silly mapToRegistry uri https://registry.npmjs.org/laravel-mix
189 silly fetchNamedPackageData lodash
190 silly mapToRegistry name lodash
191 silly mapToRegistry using default registry
192 silly mapToRegistry registry https://registry.npmjs.org/
193 silly mapToRegistry data Result {
193 silly mapToRegistry   raw: 'lodash',
193 silly mapToRegistry   scope: null,
193 silly mapToRegistry   escapedName: 'lodash',
193 silly mapToRegistry   name: 'lodash',
193 silly mapToRegistry   rawSpec: '',
193 silly mapToRegistry   spec: 'latest',
193 silly mapToRegistry   type: 'tag' }
194 silly mapToRegistry uri https://registry.npmjs.org/lodash
195 silly fetchNamedPackageData vue
196 silly mapToRegistry name vue
197 silly mapToRegistry using default registry
198 silly mapToRegistry registry https://registry.npmjs.org/
199 silly mapToRegistry data Result {
199 silly mapToRegistry   raw: 'vue',
199 silly mapToRegistry   scope: null,
199 silly mapToRegistry   escapedName: 'vue',
199 silly mapToRegistry   name: 'vue',
199 silly mapToRegistry   rawSpec: '',
199 silly mapToRegistry   spec: 'latest',
199 silly mapToRegistry   type: 'tag' }
200 silly mapToRegistry uri https://registry.npmjs.org/vue
201 verbose get https://registry.npmjs.org/axios not expired, no request
202 verbose get https://registry.npmjs.org/bootstrap-sass not expired, no request
203 verbose get https://registry.npmjs.org/laravel-mix not expired, no request
204 verbose get https://registry.npmjs.org/jquery not expired, no request
205 verbose get https://registry.npmjs.org/lodash not expired, no request
206 verbose get https://registry.npmjs.org/vue not expired, no request
207 silly install normalizeTree
208 silly loadCurrentTree Finishing
209 silly loadIdealTree Starting
210 silly install loadIdealTree
211 silly cloneCurrentTree Starting
212 silly install cloneCurrentTreeToIdealTree
213 silly cloneCurrentTree Finishing
214 silly loadShrinkwrap Starting
215 silly install loadShrinkwrap
216 silly loadShrinkwrap Finishing
217 silly loadAllDepsIntoIdealTree Starting
218 silly install loadAllDepsIntoIdealTree
219 silly resolveWithNewModule axios@0.15.3 checking installable status
220 silly cache add args [ 'axios@0.15.3', null ]
221 verbose cache add spec axios@0.15.3
222 silly resolveWithNewModule bootstrap-sass@3.3.7 checking installable status
223 silly cache add args [ 'bootstrap-sass@3.3.7', null ]
224 verbose cache add spec bootstrap-sass@3.3.7
225 silly resolveWithNewModule laravel-mix@0.8.8 checking installable status
226 silly cache add args [ 'laravel-mix@0.8.8', null ]
227 verbose cache add spec laravel-mix@0.8.8
228 silly resolveWithNewModule jquery@3.1.1 checking installable status
229 silly cache add args [ 'jquery@3.1.1', null ]
230 verbose cache add spec jquery@3.1.1
231 silly resolveWithNewModule lodash@4.17.4 checking installable status
232 silly cache add args [ 'lodash@4.17.4', null ]
233 verbose cache add spec lodash@4.17.4
234 silly resolveWithNewModule vue@2.2.1 checking installable status
235 silly cache add args [ 'vue@2.2.1', null ]
236 verbose cache add spec vue@2.2.1
237 silly cache add parsed spec Result {
237 silly cache add   raw: 'axios@0.15.3',
237 silly cache add   scope: null,
237 silly cache add   escapedName: 'axios',
237 silly cache add   name: 'axios',
237 silly cache add   rawSpec: '0.15.3',
237 silly cache add   spec: '0.15.3',
237 silly cache add   type: 'version' }
238 silly addNamed axios@0.15.3
239 verbose addNamed "0.15.3" is a plain semver version for axios
240 silly mapToRegistry name axios
241 silly mapToRegistry using default registry
242 silly mapToRegistry registry https://registry.npmjs.org/
243 silly mapToRegistry data Result {
243 silly mapToRegistry   raw: 'axios',
243 silly mapToRegistry   scope: null,
243 silly mapToRegistry   escapedName: 'axios',
243 silly mapToRegistry   name: 'axios',
243 silly mapToRegistry   rawSpec: '',
243 silly mapToRegistry   spec: 'latest',
243 silly mapToRegistry   type: 'tag' }
244 silly mapToRegistry uri https://registry.npmjs.org/axios
245 verbose addNameVersion registry:https://registry.npmjs.org/axios not in flight; fetching
246 silly cache add parsed spec Result {
246 silly cache add   raw: 'bootstrap-sass@3.3.7',
246 silly cache add   scope: null,
246 silly cache add   escapedName: 'bootstrap-sass',
246 silly cache add   name: 'bootstrap-sass',
246 silly cache add   rawSpec: '3.3.7',
246 silly cache add   spec: '3.3.7',
246 silly cache add   type: 'version' }
247 silly addNamed bootstrap-sass@3.3.7
248 verbose addNamed "3.3.7" is a plain semver version for bootstrap-sass
249 silly mapToRegistry name bootstrap-sass
250 silly mapToRegistry using default registry
251 silly mapToRegistry registry https://registry.npmjs.org/
252 silly mapToRegistry data Result {
252 silly mapToRegistry   raw: 'bootstrap-sass',
252 silly mapToRegistry   scope: null,
252 silly mapToRegistry   escapedName: 'bootstrap-sass',
252 silly mapToRegistry   name: 'bootstrap-sass',
252 silly mapToRegistry   rawSpec: '',
252 silly mapToRegistry   spec: 'latest',
252 silly mapToRegistry   type: 'tag' }
253 silly mapToRegistry uri https://registry.npmjs.org/bootstrap-sass
254 verbose addNameVersion registry:https://registry.npmjs.org/bootstrap-sass not in flight; fetching
255 silly cache add parsed spec Result {
255 silly cache add   raw: 'laravel-mix@0.8.8',
255 silly cache add   scope: null,
255 silly cache add   escapedName: 'laravel-mix',
255 silly cache add   name: 'laravel-mix',
255 silly cache add   rawSpec: '0.8.8',
255 silly cache add   spec: '0.8.8',
255 silly cache add   type: 'version' }
256 silly addNamed laravel-mix@0.8.8
257 verbose addNamed "0.8.8" is a plain semver version for laravel-mix
258 silly mapToRegistry name laravel-mix
259 silly mapToRegistry using default registry
260 silly mapToRegistry registry https://registry.npmjs.org/
261 silly mapToRegistry data Result {
261 silly mapToRegistry   raw: 'laravel-mix',
261 silly mapToRegistry   scope: null,
261 silly mapToRegistry   escapedName: 'laravel-mix',
261 silly mapToRegistry   name: 'laravel-mix',
261 silly mapToRegistry   rawSpec: '',
261 silly mapToRegistry   spec: 'latest',
261 silly mapToRegistry   type: 'tag' }
262 silly mapToRegistry uri https://registry.npmjs.org/laravel-mix
263 verbose addNameVersion registry:https://registry.npmjs.org/laravel-mix not in flight; fetching
264 silly cache add parsed spec Result {
264 silly cache add   raw: 'jquery@3.1.1',
264 silly cache add   scope: null,
264 silly cache add   escapedName: 'jquery',
264 silly cache add   name: 'jquery',
264 silly cache add   rawSpec: '3.1.1',
264 silly cache add   spec: '3.1.1',
264 silly cache add   type: 'version' }
265 silly addNamed jquery@3.1.1
266 verbose addNamed "3.1.1" is a plain semver version for jquery
267 silly mapToRegistry name jquery
268 silly mapToRegistry using default registry
269 silly mapToRegistry registry https://registry.npmjs.org/
270 silly mapToRegistry data Result {
270 silly mapToRegistry   raw: 'jquery',
270 silly mapToRegistry   scope: null,
270 silly mapToRegistry   escapedName: 'jquery',
270 silly mapToRegistry   name: 'jquery',
270 silly mapToRegistry   rawSpec: '',
270 silly mapToRegistry   spec: 'latest',
270 silly mapToRegistry   type: 'tag' }
271 silly mapToRegistry uri https://registry.npmjs.org/jquery
272 verbose addNameVersion registry:https://registry.npmjs.org/jquery not in flight; fetching
273 silly cache add parsed spec Result {
273 silly cache add   raw: 'lodash@4.17.4',
273 silly cache add   scope: null,
273 silly cache add   escapedName: 'lodash',
273 silly cache add   name: 'lodash',
273 silly cache add   rawSpec: '4.17.4',
273 silly cache add   spec: '4.17.4',
273 silly cache add   type: 'version' }
274 silly addNamed lodash@4.17.4
275 verbose addNamed "4.17.4" is a plain semver version for lodash
276 silly mapToRegistry name lodash
277 silly mapToRegistry using default registry
278 silly mapToRegistry registry https://registry.npmjs.org/
279 silly mapToRegistry data Result {
279 silly mapToRegistry   raw: 'lodash',
279 silly mapToRegistry   scope: null,
279 silly mapToRegistry   escapedName: 'lodash',
279 silly mapToRegistry   name: 'lodash',
279 silly mapToRegistry   rawSpec: '',
279 silly mapToRegistry   spec: 'latest',
279 silly mapToRegistry   type: 'tag' }
280 silly mapToRegistry uri https://registry.npmjs.org/lodash
281 verbose addNameVersion registry:https://registry.npmjs.org/lodash not in flight; fetching
282 silly cache add parsed spec Result {
282 silly cache add   raw: 'vue@2.2.1',
282 silly cache add   scope: null,
282 silly cache add   escapedName: 'vue',
282 silly cache add   name: 'vue',
282 silly cache add   rawSpec: '2.2.1',
282 silly cache add   spec: '2.2.1',
282 silly cache add   type: 'version' }
283 silly addNamed vue@2.2.1
284 verbose addNamed "2.2.1" is a plain semver version for vue
285 silly mapToRegistry name vue
286 silly mapToRegistry using default registry
287 silly mapToRegistry registry https://registry.npmjs.org/
288 silly mapToRegistry data Result {
288 silly mapToRegistry   raw: 'vue',
288 silly mapToRegistry   scope: null,
288 silly mapToRegistry   escapedName: 'vue',
288 silly mapToRegistry   name: 'vue',
288 silly mapToRegistry   rawSpec: '',
288 silly mapToRegistry   spec: 'latest',
288 silly mapToRegistry   type: 'tag' }
289 silly mapToRegistry uri https://registry.npmjs.org/vue
290 verbose addNameVersion registry:https://registry.npmjs.org/vue not in flight; fetching
291 verbose get https://registry.npmjs.org/bootstrap-sass not expired, no request
292 verbose get https://registry.npmjs.org/axios not expired, no request
293 verbose get https://registry.npmjs.org/jquery not expired, no request
294 verbose get https://registry.npmjs.org/laravel-mix not expired, no request
295 verbose get https://registry.npmjs.org/lodash not expired, no request
296 verbose get https://registry.npmjs.org/vue not expired, no request
297 silly mapToRegistry name laravel-mix
298 silly mapToRegistry using default registry
299 silly mapToRegistry registry https://registry.npmjs.org/
300 silly mapToRegistry data Result {
300 silly mapToRegistry   raw: 'laravel-mix',
300 silly mapToRegistry   scope: null,
300 silly mapToRegistry   escapedName: 'laravel-mix',
300 silly mapToRegistry   name: 'laravel-mix',
300 silly mapToRegistry   rawSpec: '',
300 silly mapToRegistry   spec: 'latest',
300 silly mapToRegistry   type: 'tag' }
301 silly mapToRegistry uri https://registry.npmjs.org/laravel-mix
302 verbose addRemoteTarball https://registry.npmjs.org/laravel-mix/-/laravel-mix-0.8.8.tgz not in flight; adding
303 verbose addRemoteTarball [ 'https://registry.npmjs.org/laravel-mix/-/laravel-mix-0.8.8.tgz',
303 verbose addRemoteTarball   '9d4146af399d6a2017d5dd269ce4d854e790f50d' ]
304 silly cache afterAdd jquery@3.1.1
305 verbose afterAdd C:\Users\Abdullah\AppData\Roaming\npm-cache\jquery\3.1.1\package\package.json not in flight; writing
306 verbose correctMkdir C:\Users\Abdullah\AppData\Roaming\npm-cache correctMkdir not in flight; initializing
307 info retry fetch attempt 1 at 10:13:08 AM
308 info attempt registry request try #1 at 10:13:08 AM
309 http fetch GET https://registry.npmjs.org/laravel-mix/-/laravel-mix-0.8.8.tgz
310 silly cache afterAdd bootstrap-sass@3.3.7
311 verbose afterAdd C:\Users\Abdullah\AppData\Roaming\npm-cache\bootstrap-sass\3.3.7\package\package.json not in flight; writing
312 verbose correctMkdir C:\Users\Abdullah\AppData\Roaming\npm-cache correctMkdir not in flight; initializing
313 verbose afterAdd C:\Users\Abdullah\AppData\Roaming\npm-cache\jquery\3.1.1\package\package.json written
314 silly cache afterAdd vue@2.2.1
315 verbose afterAdd C:\Users\Abdullah\AppData\Roaming\npm-cache\vue\2.2.1\package\package.json not in flight; writing
316 verbose correctMkdir C:\Users\Abdullah\AppData\Roaming\npm-cache correctMkdir not in flight; initializing
317 verbose afterAdd C:\Users\Abdullah\AppData\Roaming\npm-cache\bootstrap-sass\3.3.7\package\package.json written
318 silly cache afterAdd lodash@4.17.4
319 verbose afterAdd C:\Users\Abdullah\AppData\Roaming\npm-cache\lodash\4.17.4\package\package.json not in flight; writing
320 verbose correctMkdir C:\Users\Abdullah\AppData\Roaming\npm-cache correctMkdir not in flight; initializing
321 verbose afterAdd C:\Users\Abdullah\AppData\Roaming\npm-cache\vue\2.2.1\package\package.json written
322 silly cache afterAdd axios@0.15.3
323 verbose afterAdd C:\Users\Abdullah\AppData\Roaming\npm-cache\axios\0.15.3\package\package.json not in flight; writing
324 verbose correctMkdir C:\Users\Abdullah\AppData\Roaming\npm-cache correctMkdir not in flight; initializing
325 verbose afterAdd C:\Users\Abdullah\AppData\Roaming\npm-cache\lodash\4.17.4\package\package.json written
326 verbose afterAdd C:\Users\Abdullah\AppData\Roaming\npm-cache\axios\0.15.3\package\package.json written
327 info retry will retry, error on last attempt: Error: tunneling socket could not be established, cause=getaddrinfo ENOTFOUND 3128 3128:80
328 info attempt registry request try #2 at 10:13:20 AM
329 http fetch GET https://registry.npmjs.org/laravel-mix/-/laravel-mix-0.8.8.tgz
330 info retry will retry, error on last attempt: Error: tunneling socket could not be established, cause=getaddrinfo ENOTFOUND 3128 3128:80
331 info attempt registry request try #3 at 10:14:23 AM
332 http fetch GET https://registry.npmjs.org/laravel-mix/-/laravel-mix-0.8.8.tgz
333 error fetch failed https://registry.npmjs.org/laravel-mix/-/laravel-mix-0.8.8.tgz
334 warn retry will retry, error on last attempt: Error: tunneling socket could not be established, cause=getaddrinfo ENOTFOUND 3128 3128:80
335 info retry fetch attempt 2 at 10:14:35 AM
336 info attempt registry request try #1 at 10:14:35 AM
337 http fetch GET https://registry.npmjs.org/laravel-mix/-/laravel-mix-0.8.8.tgz
338 info retry will retry, error on last attempt: Error: tunneling socket could not be established, cause=getaddrinfo ENOTFOUND 3128 3128:80
339 info attempt registry request try #2 at 10:14:48 AM
340 http fetch GET https://registry.npmjs.org/laravel-mix/-/laravel-mix-0.8.8.tgz
341 info retry will retry, error on last attempt: Error: tunneling socket could not be established, cause=getaddrinfo ENOTFOUND 3128 3128:80
342 info attempt registry request try #3 at 10:15:51 AM
343 http fetch GET https://registry.npmjs.org/laravel-mix/-/laravel-mix-0.8.8.tgz
344 error fetch failed https://registry.npmjs.org/laravel-mix/-/laravel-mix-0.8.8.tgz
345 warn retry will retry, error on last attempt: Error: tunneling socket could not be established, cause=getaddrinfo ENOTFOUND 3128 3128:80
346 info retry fetch attempt 3 at 10:16:53 AM
347 info attempt registry request try #1 at 10:16:53 AM
348 http fetch GET https://registry.npmjs.org/laravel-mix/-/laravel-mix-0.8.8.tgz
349 info retry will retry, error on last attempt: Error: tunneling socket could not be established, cause=getaddrinfo ENOTFOUND 3128 3128:80
350 info attempt registry request try #2 at 10:17:06 AM
351 http fetch GET https://registry.npmjs.org/laravel-mix/-/laravel-mix-0.8.8.tgz
352 info retry will retry, error on last attempt: Error: tunneling socket could not be established, cause=getaddrinfo ENOTFOUND 3128 3128:80
353 info attempt registry request try #3 at 10:18:08 AM
354 http fetch GET https://registry.npmjs.org/laravel-mix/-/laravel-mix-0.8.8.tgz
355 error fetch failed https://registry.npmjs.org/laravel-mix/-/laravel-mix-0.8.8.tgz
356 silly rollbackFailedOptional Starting
357 silly rollbackFailedOptional Finishing
358 silly runTopLevelLifecycles Starting
359 silly runTopLevelLifecycles Finishing
360 silly install printInstalled
361 verbose stack Error: tunneling socket could not be established, cause=getaddrinfo ENOTFOUND 3128 3128:80
361 verbose stack     at ClientRequest.onError (C:\Program Files\nodejs\node_modules\npm\node_modules\request\node_modules\tunnel-agent\index.js:176:17)
361 verbose stack     at ClientRequest.g (events.js:286:16)
361 verbose stack     at emitOne (events.js:96:13)
361 verbose stack     at ClientRequest.emit (events.js:188:7)
361 verbose stack     at Socket.socketErrorListener (_http_client.js:308:9)
361 verbose stack     at emitOne (events.js:96:13)
361 verbose stack     at Socket.emit (events.js:188:7)
361 verbose stack     at connectErrorNT (net.js:1015:8)
361 verbose stack     at _combinedTickCallback (internal/process/next_tick.js:74:11)
361 verbose stack     at process._tickCallback (internal/process/next_tick.js:98:9)
362 verbose cwd E:\xampp\htdocs\rate_calculator
363 error Windows_NT 6.1.7601
364 error argv "C:\\Program Files\\nodejs\\node.exe" "C:\\Program Files\\nodejs\\node_modules\\npm\\bin\\npm-cli.js" "update"
365 error node v6.3.0
366 error npm  v3.10.3
367 error code ECONNRESET
368 error network tunneling socket could not be established, cause=getaddrinfo ENOTFOUND 3128 3128:80
369 error network This is most likely not a problem with npm itself
369 error network and is related to network connectivity.
369 error network In most cases you are behind a proxy or have bad network settings.
369 error network
369 error network If you are behind a proxy, please make sure that the
369 error network 'proxy' config is set properly.  See: 'npm help config'
370 verbose exit [ 1, true ]
